12/07/2008 18:44:36 (InfL1)	+-+-+-+-+-+-+-+-+-+-+-+-+-+-+-+-+-+-+-+-+-+-+-+-+-+-+-+-+-+-+-+-+-+-+-+-+-+-+-+
12/07/2008 18:44:36 (InfL1)	+                     Crazy Eddie's GUI System - Event log                    +
12/07/2008 18:44:36 (InfL1)	+                          (http://www.cegui.org.uk/)                         +
12/07/2008 18:44:36 (InfL1)	+-+-+-+-+-+-+-+-+-+-+-+-+-+-+-+-+-+-+-+-+-+-+-+-+-+-+-+-+-+-+-+-+-+-+-+-+-+-+-+

12/07/2008 18:44:36 (InfL1)	CEGUI::Logger singleton created.
12/07/2008 18:44:36 (InfL1)	---- Begining CEGUI System initialisation ----
12/07/2008 18:44:36 (InfL1)	CEGUI::ImagesetManager singleton created
12/07/2008 18:44:36 (InfL1)	CEGUI::FontManager singleton created.
12/07/2008 18:44:36 (InfL1)	CEGUI::WindowFactoryManager singleton created
12/07/2008 18:44:36 (InfL1)	CEGUI::WindowManager singleton created
12/07/2008 18:44:36 (InfL1)	CEGUI::SchemeManager singleton created.
12/07/2008 18:44:36 (InfL1)	CEGUI::MouseCursor singleton created.
12/07/2008 18:44:36 (InfL1)	CEGUI::GlobalEventSet singleton created.
12/07/2008 18:44:36 (InfL1)	CEGUI::WidgetLookManager singleton created.
12/07/2008 18:44:36 (InfL1)	CEGUI::WindowRendererManager singleton created
12/07/2008 18:44:36 (InfL1)	WindowFactory for 'DefaultWindow' windows added.
12/07/2008 18:44:36 (InfL1)	WindowFactory for 'DragContainer' windows added.
12/07/2008 18:44:36 (InfL1)	WindowFactory for 'ScrolledContainer' windows added.
12/07/2008 18:44:36 (InfL1)	WindowFactory for 'ClippedContainer' windows added.
12/07/2008 18:44:36 (InfL1)	WindowFactory for 'CEGUI/Checkbox' windows added.
12/07/2008 18:44:36 (InfL1)	WindowFactory for 'CEGUI/PushButton' windows added.
12/07/2008 18:44:36 (InfL1)	WindowFactory for 'CEGUI/RadioButton' windows added.
12/07/2008 18:44:36 (InfL1)	WindowFactory for 'CEGUI/Combobox' windows added.
12/07/2008 18:44:36 (InfL1)	WindowFactory for 'CEGUI/ComboDropList' windows added.
12/07/2008 18:44:36 (InfL1)	WindowFactory for 'CEGUI/Editbox' windows added.
12/07/2008 18:44:36 (InfL1)	WindowFactory for 'CEGUI/FrameWindow' windows added.
12/07/2008 18:44:36 (InfL1)	WindowFactory for 'CEGUI/ItemEntry' windows added.
12/07/2008 18:44:36 (InfL1)	WindowFactory for 'CEGUI/Listbox' windows added.
12/07/2008 18:44:36 (InfL1)	WindowFactory for 'CEGUI/ListHeader' windows added.
12/07/2008 18:44:36 (InfL1)	WindowFactory for 'CEGUI/ListHeaderSegment' windows added.
12/07/2008 18:44:36 (InfL1)	WindowFactory for 'CEGUI/Menubar' windows added.
12/07/2008 18:44:36 (InfL1)	WindowFactory for 'CEGUI/PopupMenu' windows added.
12/07/2008 18:44:36 (InfL1)	WindowFactory for 'CEGUI/MenuItem' windows added.
12/07/2008 18:44:36 (InfL1)	WindowFactory for 'CEGUI/MultiColumnList' windows added.
12/07/2008 18:44:36 (InfL1)	WindowFactory for 'CEGUI/MultiLineEditbox' windows added.
12/07/2008 18:44:36 (InfL1)	WindowFactory for 'CEGUI/ProgressBar' windows added.
12/07/2008 18:44:36 (InfL1)	WindowFactory for 'CEGUI/ScrollablePane' windows added.
12/07/2008 18:44:36 (InfL1)	WindowFactory for 'CEGUI/Scrollbar' windows added.
12/07/2008 18:44:36 (InfL1)	WindowFactory for 'CEGUI/Slider' windows added.
12/07/2008 18:44:36 (InfL1)	WindowFactory for 'CEGUI/Spinner' windows added.
12/07/2008 18:44:36 (InfL1)	WindowFactory for 'CEGUI/TabButton' windows added.
12/07/2008 18:44:36 (InfL1)	WindowFactory for 'CEGUI/TabControl' windows added.
12/07/2008 18:44:36 (InfL1)	WindowFactory for 'CEGUI/Thumb' windows added.
12/07/2008 18:44:36 (InfL1)	WindowFactory for 'CEGUI/Titlebar' windows added.
12/07/2008 18:44:36 (InfL1)	WindowFactory for 'CEGUI/Tooltip' windows added.
12/07/2008 18:44:36 (InfL1)	WindowFactory for 'CEGUI/ItemListbox' windows added.
12/07/2008 18:44:36 (InfL1)	Window type alias named 'DefaultGUISheet' added for window type 'DefaultWindow'.
12/07/2008 18:44:36 (InfL1)	CEGUI::System singleton created.
12/07/2008 18:44:36 (InfL1)	---- CEGUI System initialisation completed ----
12/07/2008 18:44:36 (InfL1)	---- Version 0.5.0 ----
12/07/2008 18:44:36 (InfL1)	---- Renderer module is: MyEngine CEGUI Renderer ----
12/07/2008 18:44:36 (InfL1)	---- XML Parser module is: CEGUI::TinyXMLParser - Official tinyXML based parser module for CEGUI ----
12/07/2008 18:44:36 (InfL1)	---- Scripting module is: None ----
12/07/2008 18:44:36 (InfL1)	---- Scripting module is now: CEGUI::LuaScriptModule - Official Lua based scripting module for CEGUI ----
12/07/2008 18:44:36 (InfL1)	---- Creating Lua bindings ----
