-------------------------------------------------------
MyEngine v.0.1 - 3D game engine created by
 Zhuck Dimitry (ZDimitor),
 zdimitor@pochta.ru,
 Krasnoyarsk 2004-2007.
It's also based on a work of many peoples:
 Irrlicht (http://irrlicht.sourceforge.net),
 ODE (http://ode.org),
 CEGUI (http://www.cegui.org.uk),
 Cal3D (http://cal3d.sourceforge.net),
 FreeType2 (ftp://ftp.freetype.org),
 ogg-vorbis (http://www.xiph.org/),
 OpenAL (http://wwww.openal.org/),
 Lua & Tolua++ (http://www.lua.org/),
 Libjpeg (ftp://ftp.uu.net/graphics/jpeg/),
 Libpng (http://libpng.sourceforge.net),
 Mini Lib (http://www.stereofx.org/ terrain.html),
 zlib (http://www.zlib.org)
-------------------------------------------------------
Creating MyDevice . . .
 MyDevice options:
  Video driver type : OpenGL
  Window size       : 800 x 600
  Color bits        : 32
  Texture filtering : Bilinear
  Fullscreen        : false
  Antialiasing      : false
  Vertexbuffers     : true
  Verticalsync      : false
  Shadows           : false
  High qual.lighting: false
  Smooth animation  : false
  Shader effects    : false
  Dirt on level     : false
Primary Timer initialization:
 Query resolution 1/3579545 sec
Timer OK
Secondary Timer initialization:
 Query resolution 1/3579545 sec
Timer OK
Lua script activating. . . 
 Lua activated.
OS:
 Microsoft Windows XP Professional Service Pack 2 (Build 2600)
Video initialization:
 OpenGL renderer activation . . .
 OGL rendering context activated
 Video adapter model: MOBILITY RADEON 9600 x86/SSE2 ATI Technologies Inc.
 OGL driver version: 1.5.4517 WinXP Release
 Supported OpenGL extentions: 
  GL_ARB_multitexture GL_EXT_texture_env_add GL_EXT_compiled_vertex_array GL_S3_s3tc GL_ARB_depth_texture GL_ARB_fragment_program GL_ARB_fragment_program_shadow GL_ARB_fragment_shader GL_ARB_multisample GL_ARB_occlusion_query GL_ARB_point_parameters GL_ARB_shader_objects GL_ARB_shading_language_100 GL_ARB_shadow GL_ARB_shadow_ambient GL_ARB_texture_border_clamp GL_ARB_texture_compression GL_ARB_texture_cube_map GL_ARB_texture_env_add GL_ARB_texture_env_combine GL_ARB_texture_env_crossbar GL_ARB_texture_env_dot3 GL_ARB_texture_mirrored_repeat GL_ARB_transpose_matrix GL_ARB_vertex_blend GL_ARB_vertex_buffer_object GL_ARB_vertex_program GL_ARB_vertex_shader GL_ARB_window_pos GL_ATI_draw_buffers GL_ATI_element_array GL_ATI_envmap_bumpmap GL_ATI_fragment_shader GL_ATI_map_object_buffer GL_ATI_separate_stencil GL_ATI_texture_env_combine3 GL_ATI_texture_float GL_ATI_texture_mirror_once GL_ATI_vertex_array_object GL_ATI_vertex_attrib_array_object GL_ATI_vertex_streams GL_ATIX_texture_env_combine3 GL_ATIX_texture_env_route GL_ATIX_vertex_shader_output_point_size GL_EXT_abgr GL_EXT_bgra GL_EXT_blend_color GL_EXT_blend_func_separate GL_EXT_blend_minmax GL_EXT_blend_subtract GL_EXT_clip_volume_hint GL_EXT_draw_range_elements GL_EXT_fog_coord GL_EXT_multi_draw_arrays GL_EXT_packed_pixels GL_EXT_point_parameters GL_EXT_rescale_normal GL_EXT_secondary_color GL_EXT_separate_specular_color GL_EXT_shadow_funcs GL_EXT_stencil_wrap GL_EXT_texgen_reflection GL_EXT_texture3D GL_EXT_texture_compression_s3tc GL_EXT_texture_cube_map GL_EXT_texture_edge_clamp GL_EXT_texture_env_combine GL_EXT_texture_env_dot3 GL_EXT_texture_filter_anisotropic GL_EXT_texture_lod_bias GL_EXT_texture_mirror_clamp GL_EXT_texture_object GL_EXT_texture_rectangle GL_EXT_vertex_array GL_EXT_vertex_shader GL_HP_occlusion_test GL_NV_texgen_reflection GL_NV_blend_square GL_NV_occlusion_query GL_ARB_point_sprite GL_SGI_color_matrix GL_SGIS_texture_edge_clamp GL_SGIS_texture_border_clamp GL_SGIS_texture_lod GL_SGIS_generate_mipmap GL_SGIS_multitexture GL_SUN_multi_draw_arrays GL_WIN_swap_hint WGL_EXT_extensions_string WGL_EXT_swap_control 
 OpenGL driver features:
  Multitexturing: OK
  Vertex buffer : OK
  Vertex shader : OK
  Pixel  shader : OK
  Fog coordinate: OK
  Anisotropic filtering: OK (16 level)
  MinMax blending: OK
  Swap control: OK
  GLSL: OK
  Two side stencil: OK
  Occlusion Query: OK
  Render Target: OK
 Video driver parameters: 
  color   : 32 bit
  alpha   : 8 bit
  depth(z): 24 bit
  stencil : 8 bit
  max lights    : 8
  max tex. units: 8
  max tex. res. : 2048 x 2048
 Vertical Sync disabled
Created texture ( ECF_A8R8G8B8, mips on, 64x64 )
Loaded image ( ECF_R8G8B8, 64x64 ): #DefaultLightSphere
Created texture ( ECF_A8R8G8B8, mips on, 64x64 )
Image '#defaultlightsphere' was removed.
Loaded image ( ECF_R8G8B8, 1x64 ): #DefaultLightGradient
Created texture ( ECF_A8R8G8B8, mips on, 1x64 )
Image '#defaultlightgradient' was removed.
Loaded image ( ECF_R8G8B8, 128x128 ): #DefaultEnvironmentMap
Created texture ( ECF_A8R8G8B8, mips on, 128x128 )
Image '#defaultenvironmentmap' was removed.
Video OK
Loaded image ( ECF_A1R5G5B5, 128x128 ): #DefaultFont
Created texture ( ECF_A1R5G5B5, mips off, 128x128 )
Scene manager created.
Sound initialization:
 OpenAL driver activation...
 OAL device opened
 OAL context created
 Sound card model: Software Creative Labs Inc.
 OAL driver version: OpenAL 1.0
 Supported OpenAL extentions: 
  EAX 2.0, EAX 3.0, EAX 4.0, EAX Unified
Sound OK
Registering EGNT_MAIN_PLAYER game class 'Standard' . . .
 Class successfully registered.
Registering EGNT_PERSON game class 'Standard' . . .
 Class successfully registered.
Registering EGNT_DECORATION game class 'Standard' . . .
 Class successfully registered.
Registering EGNT_LEVEL_MAP game class 'Standard' . . .
 Class successfully registered.
Registering EGNT_TERRAIN game class 'Standard' . . .
 Class successfully registered.
Registering EGNT_BUTTON game class 'Standard' . . .
 Class successfully registered.
Registering EGNT_WEAPON game class 'Standard' . . .
 Class successfully registered.
Registering EGNT_DOOR game class 'Standard' . . .
 Class successfully registered.
Registering EGNT_PLATFORM game class 'Standard' . . .
 Class successfully registered.
Registering EGNT_TRIGGER game class 'Standard' . . .
 Class successfully registered.
Registering EGNT_LIGHT game class 'Standard' . . .
 Class successfully registered.
Registering EGNT_ITEM game class 'Standard' . . .
 Class successfully registered.
Registering EGNT_SKY_DOME game class 'Standard' . . .
 Class successfully registered.
Adding 'StandardRenderer' material renderer . . .
 OK
Adding 'SplattingRenderer' material renderer . . .
 OK
Plugin 'scened' was successfully registered
My CEGUI Renderer created.
